atad_IMPORTS_start
I_ata_get_devinfo
I_ata_device_dma_transfer
I_ata_device_flush_cache
atad_IMPORTS_end

dev9_IMPORTS_start
I_dev9Shutdown
I_dev9IntrEnable
I_dev9IntrDisable
I_dev9RegisterIntrCb
I_dev9DmaTransfer
dev9_IMPORTS_end

intrman_IMPORTS_start
I_CpuSuspendIntr
I_CpuResumeIntr
I_EnableIntr
I_CpuEnableIntr
intrman_IMPORTS_end

loadcore_IMPORTS_start
I_RegisterLibraryEntries
loadcore_IMPORTS_end

sifcmd_IMPORTS_start
I_sceSifInitRpc
I_sceSifRegisterRpc
I_sceSifSetRpcQueue
I_sceSifRpcLoop
I_sceSifSendCmd
I_sceSifGetOtherData
sifcmd_IMPORTS_end

sifman_IMPORTS_start
I_sceSifDmaStat
I_sceSifSetDma
sifman_IMPORTS_end

stdio_IMPORTS_start
I_printf
stdio_IMPORTS_end

sysclib_IMPORTS_start
I_memset
I_memcpy
I_strcpy
I_strlen
I_strtol
sysclib_IMPORTS_end

sysmem_IMPORTS_start
I_AllocSysMemory
I_FreeSysMemory
sysmem_IMPORTS_end

thbase_IMPORTS_start
I_CreateThread
I_SleepThread
I_WakeupThread
I_iWakeupThread
I_DeleteThread
I_StartThread
I_ExitDeleteThread
I_TerminateThread
I_GetThreadId
I_DelayThread
I_SetAlarm
I_USec2SysClock
thbase_IMPORTS_end

thevent_IMPORTS_start
I_CreateEventFlag
I_WaitEventFlag
I_SetEventFlag
I_iSetEventFlag
thevent_IMPORTS_end

thsemap_IMPORTS_start
I_CreateSema
I_DeleteSema
I_SignalSema
I_iSignalSema
I_WaitSema
thsemap_IMPORTS_end
